Build started 20/12/2021 09:47:06 م.
     1>Project "C:\Users\KRM0201517\Documents\Visual Studio 2010\Projects\classes 2\classes 2\classes 2.vcxproj" on node 2 (build target(s)).
     1>InitializeBuildStatus:
         Touching "Debug\classes 2.unsuccessfulbuild".
       ClCompile:
         c:\Program Files (x86)\Microsoft Visual Studio 10.0\VC\bin\CL.exe /c /ZI /nologo /W3 /WX- /Od /Oy- /D WIN32 /D _DEBUG /D _CONSOLE /D _UNICODE /D UNICODE /Gm /EHsc /RTC1 /MDd /GS /fp:precise /Zc:wchar_t /Zc:forScope /Fo"Debug\\" /Fd"Debug\vc100.pdb" /Gd /TP /analyze- /errorReport:prompt main.cpp
         main.cpp
     1>c:\users\krm0201517\documents\visual studio 2010\projects\classes 2\classes 2\main.cpp(4): error C2143: syntax error : missing ';' before 'using'
     1>c:\users\krm0201517\documents\visual studio 2010\projects\classes 2\classes 2\triangle.h(14): warning C4244: 'return' : conversion from 'double' to 'float', possible loss of data
     1>c:\users\krm0201517\documents\visual studio 2010\projects\classes 2\classes 2\main.cpp(5): warning C4068: unknown pragma
     1>Done Building Project "C:\Users\KRM0201517\Documents\Visual Studio 2010\Projects\classes 2\classes 2\classes 2.vcxproj" (build target(s)) -- FAILED.

Build FAILED.

Time Elapsed 00:00:00.42
